<?xml version="1.0" encoding="UTF-8"?>
<!-- Generated by org.testng.reporters.JUnitReportReporter -->
<testsuite hostname="DESKTOP-LVNM1PD" failures="0" tests="2" name="practice_maven.Sample3Test" time="0.010" errors="0" timestamp="2023-01-23T17:48:40 IST" skipped="0">
  <testcase classname="practice_maven.Sample3Test" name="createProduct3Test" time="0.009"/>
  <system-out/>
  <testcase classname="practice_maven.Sample3Test" name="updateProduct3Test" time="0.001"/>
  <system-out/>
</testsuite> <!-- practice_maven.Sample3Test -->
