<?xml version="1.0" encoding="UTF-8"?>
<!-- Generated by org.testng.reporters.JUnitReportReporter -->
<testsuite hostname="DESKTOP-LVNM1PD" failures="0" tests="1" name="practice_maven.Sample1Test" time="0.001" errors="0" timestamp="2023-01-23T17:48:40 IST" skipped="0">
  <testcase classname="practice_maven.Sample1Test" name="createCustomer1Test" time="0.001"/>
  <system-out/>
</testsuite> <!-- practice_maven.Sample1Test -->
