<?xml version="1.0" encoding="UTF-8"?>
<!-- Generated by org.testng.reporters.JUnitReportReporter -->
<testsuite hostname="DESKTOP-LVNM1PD" failures="0" tests="1" name="practice_maven.DetailsCreateNew" time="0.014" errors="0" timestamp="2023-01-18T12:25:19 IST" skipped="0">
  <testcase classname="practice_maven.DetailsCreateNew" name="create" time="0.014"/>
  <system-out/>
</testsuite> <!-- practice_maven.DetailsCreateNew -->
