<?xml version="1.0" encoding="UTF-8"?>
<!-- Generated by org.testng.reporters.JUnitReportReporter -->
<testsuite hostname="DESKTOP-LVNM1PD" failures="0" tests="2" name="Practice_Maven.SampleTest4" time="0.002" errors="0" timestamp="2023-01-17T17:39:55 IST" skipped="0">
  <testcase classname="Practice_Maven.SampleTest4" name="updateProduct3" time="0.001"/>
  <system-out/>
  <testcase classname="Practice_Maven.SampleTest4" name="createProduct3" time="0.001"/>
  <system-out/>
</testsuite> <!-- Practice_Maven.SampleTest4 -->
