<?xml version="1.0" encoding="UTF-8"?>
<!-- Generated by org.testng.reporters.JUnitReportReporter -->
<testsuite hostname="DESKTOP-LVNM1PD" failures="0" tests="1" name="Practice_Maven.SampleTest1" time="0.001" errors="0" timestamp="2023-01-17T17:39:55 IST" skipped="0">
  <testcase classname="Practice_Maven.SampleTest1" name="updateCustomer" time="0.001"/>
  <system-out/>
</testsuite> <!-- Practice_Maven.SampleTest1 -->
