<?xml version="1.0" encoding="UTF-8"?>
<!-- Generated by org.testng.reporters.JUnitReportReporter -->
<testsuite hostname="DESKTOP-LVNM1PD" failures="0" tests="1" name="Practice_Maven.SampleTest2" time="0.010" errors="0" timestamp="2023-01-17T17:39:55 IST" skipped="0">
  <testcase classname="Practice_Maven.SampleTest2" name="createProduct" time="0.010"/>
  <system-out/>
</testsuite> <!-- Practice_Maven.SampleTest2 -->
